<?xml version="1.0" encoding="UTF-8"?>
<!-- Generated by org.testng.reporters.JUnitReportReporter -->
<testsuite hostname="DAnglaeva-PF16KR95" failures="0" tests="1" name="org.selenium.pom.tests.SearchTest" time="9.200" errors="0" timestamp="2024-05-27T14:35:11 EDT" skipped="0">
  <testcase classname="org.selenium.pom.tests.SearchTest" name="searchWithPartialMatch" time="9.200"/>
</testsuite> <!-- org.selenium.pom.tests.SearchTest -->
