<?xml version="1.0" encoding="UTF-8"?>
<!-- Generated by org.testng.reporters.JUnitReportReporter -->
<testsuite hostname="DAnglaeva-PF16KR95" failures="0" tests="2" name="org.selenium.pom.tests.MyRealTest" time="95.914" errors="0" timestamp="2024-05-27T14:35:11 EDT" skipped="0">
  <testcase classname="org.selenium.pom.tests.MyRealTest" name="guestCheckoutUsingDirectBankTransfer" time="46.668"/>
  <testcase classname="org.selenium.pom.tests.MyRealTest" name="loginAndCheckoutUsingDirectBankTransfer" time="49.246"/>
</testsuite> <!-- org.selenium.pom.tests.MyRealTest -->
