<?xml version="1.0" encoding="UTF-8"?>
<!-- Generated by org.testng.reporters.JUnitReportReporter -->
<testsuite hostname="DAnglaeva-PF16KR95" failures="0" tests="1" name="org.selenium.pom.tests.NavigationTest" time="38.433" errors="0" timestamp="2024-05-27T14:35:11 EDT" skipped="0">
  <testcase classname="org.selenium.pom.tests.NavigationTest" name="NavigateFromHomeToStoreUsingMainMenu" time="38.433"/>
</testsuite> <!-- org.selenium.pom.tests.NavigationTest -->
