<?xml version="1.0" encoding="UTF-8"?>
<!-- Generated by org.testng.reporters.JUnitReportReporter -->
<testsuite hostname="DAnglaeva-PF16KR95" failures="0" tests="1" name="org.selenium.pom.tests.AddToCartTest" time="40.245" errors="0" timestamp="2024-05-27T14:35:11 EDT" skipped="0">
  <testcase classname="org.selenium.pom.tests.AddToCartTest" name="addToCartFromStorePage" time="40.245"/>
</testsuite> <!-- org.selenium.pom.tests.AddToCartTest -->
